<?xml version="1.0" encoding="UTF-8"?>
<!-- Generated by org.testng.reporters.JUnitReportReporter -->
<testsuite hostname="LIN51008473" failures="0" tests="1" name="Com.runner.TestRunnerTestNG" time="0.454" errors="0" timestamp="2021-10-12T15:25:13 IST" skipped="0">
  <testcase classname="Com.runner.TestRunnerTestNG" name="runScenario" time="0.454"/>
  <system-out/>
</testsuite> <!-- Com.runner.TestRunnerTestNG -->
